0 info it worked if it ends with ok
1 verbose cli [ '/usr/local/Cellar/node/10.4.0/bin/node',
1 verbose cli   '/usr/local/bin/npm',
1 verbose cli   'start' ]
2 info using npm@4.0.5
3 info using node@v10.4.0
4 verbose run-script [ 'prestart', 'start', 'poststart' ]
5 info lifecycle test_node_server@1.0.0~prestart: test_node_server@1.0.0
6 silly lifecycle test_node_server@1.0.0~prestart: no script for prestart, continuing
7 info lifecycle test_node_server@1.0.0~start: test_node_server@1.0.0
8 verbose lifecycle test_node_server@1.0.0~start: unsafe-perm in lifecycle true
9 verbose lifecycle test_node_server@1.0.0~start: PATH: /usr/local/lib/node_modules/npm/bin/node-gyp-bin:/Users/geoffrion/Documents/workspace/test_node_server/node_modules/.bin:/Users/geoffrion/.rvm/gems/ruby-2.4.2/bin:/Users/geoffrion/.rvm/gems/ruby-2.4.2@global/bin:/Users/geoffrion/.rvm/rubies/ruby-2.4.2/bin:/usr/local/bin:/usr/bin:/bin:/usr/sbin:/sbin:/usr/local/go/bin:/Users/geoffrion/Library/Android/sdk/tools:/Users/geoffrion/Library/Android/sdk/platform-tools:/Users/geoffrion/Library/Android/sdk/bin:/usr/local/go/bin:/usr/local/mysql/bin:/Users/geoffrion/.rvm/bin
10 verbose lifecycle test_node_server@1.0.0~start: CWD: /Users/geoffrion/Documents/workspace/test_node_server
11 silly lifecycle test_node_server@1.0.0~start: Args: [ '-c', 'babel-node index.js --presets es2015,stage-2' ]
12 silly lifecycle test_node_server@1.0.0~start: Returned: code: 1  signal: null
13 info lifecycle test_node_server@1.0.0~start: Failed to exec start script
14 verbose stack Error: test_node_server@1.0.0 start: `babel-node index.js --presets es2015,stage-2`
14 verbose stack Exit status 1
14 verbose stack     at EventEmitter.<anonymous> (/usr/local/lib/node_modules/npm/lib/utils/lifecycle.js:279:16)
14 verbose stack     at EventEmitter.emit (events.js:182:13)
14 verbose stack     at ChildProcess.<anonymous> (/usr/local/lib/node_modules/npm/lib/utils/spawn.js:40:14)
14 verbose stack     at ChildProcess.emit (events.js:182:13)
14 verbose stack     at maybeClose (internal/child_process.js:961:16)
14 verbose stack     at Process.ChildProcess._handle.onexit (internal/child_process.js:248:5)
15 verbose pkgid test_node_server@1.0.0
16 verbose cwd /Users/geoffrion/Documents/workspace/test_node_server
17 error Darwin 16.7.0
18 error argv "/usr/local/Cellar/node/10.4.0/bin/node" "/usr/local/bin/npm" "start"
19 error node v10.4.0
20 error npm  v4.0.5
21 error code ELIFECYCLE
22 error test_node_server@1.0.0 start: `babel-node index.js --presets es2015,stage-2`
22 error Exit status 1
23 error Failed at the test_node_server@1.0.0 start script 'babel-node index.js --presets es2015,stage-2'.
23 error Make sure you have the latest version of node.js and npm installed.
23 error If you do, this is most likely a problem with the test_node_server package,
23 error not with npm itself.
23 error Tell the author that this fails on your system:
23 error     babel-node index.js --presets es2015,stage-2
23 error You can get information on how to open an issue for this project with:
23 error     npm bugs test_node_server
23 error Or if that isn't available, you can get their info via:
23 error     npm owner ls test_node_server
23 error There is likely additional logging output above.
24 verbose exit [ 1, true ]
